Sat Jan 16 12:45:44 2021
>> SHOW DATABASES;
Sat Jan 16 12:45:44 2021
>> SHOW DATABASES;
Sat Jan 16 12:46:24 2021
>> SHOW DATABASES;
Sat Jan 16 12:46:24 2021
>> SHOW DATABASES;
Sat Jan 16 12:47:07 2021
>> SHOW DATABASES;
Sat Jan 16 12:47:07 2021
>> SHOW DATABASES;
Sat Jan 16 12:47:20 2021
>> SHOW DATABASES;
Sat Jan 16 12:47:20 2021
>> SHOW DATABASES;
Sat Jan 16 12:50:35 2021
>> SHOW DATABASES;
Sat Jan 16 12:50:35 2021
>> SHOW DATABASES;
Sat Jan 16 12:51:19 2021
>> SHOW DATABASES;
Sat Jan 16 12:51:19 2021
>> SHOW DATABASES;
Sat Jan 16 12:51:28 2021
>> SHOW DATABASES;
Sat Jan 16 12:51:28 2021
>> SHOW DATABASES;
Sat Jan 16 12:51:28 2021
>> SHOW DATABASES;
Sat Jan 16 12:51:43 2021
>> SHOW DATABASES;
Sat Jan 16 12:51:43 2021
>> SHOW DATABASES;
Sat Jan 16 12:51:43 2021
>> SHOW DATABASES;
Sat Jan 16 12:54:55 2021
>> SHOW DATABASES;
Sat Jan 16 12:54:55 2021
>> SHOW DATABASES;
Sat Jan 16 12:54:55 2021
>> SHOW DATABASES;
Sat Jan 16 12:55:42 2021
>> SHOW DATABASES;
Sat Jan 16 12:55:42 2021
>> SHOW DATABASES;
Sat Jan 16 12:55:42 2021
>> SHOW DATABASES;
Sat Jan 16 12:56:00 2021
>> SHOW DATABASES;
Sat Jan 16 12:56:00 2021
>> SHOW DATABASES;
Sat Jan 16 12:56:00 2021
>> SHOW DATABASES;
Sat Jan 16 12:56:42 2021
>> SHOW DATABASES;
Sat Jan 16 12:56:42 2021
>> SHOW DATABASES;
Sat Jan 16 12:56:42 2021
>> SHOW DATABASES;
Sat Jan 16 12:57:53 2021
>> SHOW DATABASES;
Sat Jan 16 12:57:53 2021
>> SHOW DATABASES;
Sat Jan 16 12:57:53 2021
>> SHOW DATABASES;
Sat Jan 16 13:00:58 2021
>> SHOW DATABASES;
Sat Jan 16 13:01:38 2021
>> SHOW DATABASES;
Sat Jan 16 13:02:34 2021
>> SHOW DATABASES;
Sat Jan 16 13:02:47 2021
>> SHOW DATABASES;
Sat Jan 16 13:02:47 2021
>> CREATE DATABASE Othello;
Sat Jan 16 13:02:47 2021
>> SHOW DATABASES;
Sat Jan 16 13:03:46 2021
>> SHOW DATABASES;
Sat Jan 16 13:04:04 2021
>> SHOW DATABASES;
Sat Jan 16 13:04:04 2021
>> CREATE DATABASE Othello;
Sat Jan 16 13:04:04 2021
>> SHOW DATABASES;
Sat Jan 16 13:04:04 2021
>> DROP DATABASE Othello;
Sat Jan 16 13:09:09 2021
>> SHOW DATABASES;
Sat Jan 16 13:09:09 2021
>> CREATE DATABASE Othello;
Sat Jan 16 13:09:09 2021
>> SHOW DATABASES;
Sat Jan 16 13:09:09 2021
>> CREATE TABLE Games(id INT AUTO_INCREMENT,winner INT,primary key (id)) engine=innodb;
Sat Jan 16 13:09:09 2021
>> DROP DATABASE Othello;
Sat Jan 16 13:09:31 2021
>> SHOW DATABASES;
Sat Jan 16 13:09:31 2021
>> CREATE DATABASE Othello;
Sat Jan 16 13:09:31 2021
>> SHOW DATABASES;
Sat Jan 16 13:09:31 2021
>> CREATE TABLE Games(id INT AUTO_INCREMENT,winner INT,primary key (id)) engine=innodb;
Sat Jan 16 13:14:55 2021
>> SHOW DATABASES;
Sat Jan 16 13:15:33 2021
>> SHOW DATABASES;
Sat Jan 16 13:15:33 2021
>> CREATE DATABASE Othello;
Sat Jan 16 13:15:33 2021
>> SHOW DATABASES;
Sat Jan 16 13:15:33 2021
>> CREATE TABLE Games(id INT AUTO_INCREMENT,winner INT,primary key (id)) engine=innodb;
Sat Jan 16 13:15:33 2021
>> CREATE TABLE Moves(id INT AUTO_INCREMENT,game_id INT not null,primary key (id),foreign key (game_id) references Games(id)) engine=innodb;
Sat Jan 16 13:21:07 2021
>> SHOW DATABASES;
Sat Jan 16 13:21:07 2021
>> SELECT LAST_INSERT_ID();
Sat Jan 16 13:22:02 2021
>> SHOW DATABASES;
Sat Jan 16 13:22:02 2021
>> SELECT MAX(id) FROM Games;
Sat Jan 16 13:22:31 2021
>> SHOW DATABASES;
Sat Jan 16 13:22:31 2021
>> SELECT MAX(id) FROM Games;
Sat Jan 16 13:23:38 2021
>> SHOW DATABASES;
Sat Jan 16 13:23:38 2021
>> SELECT MAX(id) FROM Games;
Sat Jan 16 13:24:02 2021
>> SHOW DATABASES;
Sat Jan 16 13:24:02 2021
>> SELECT MAX(id) FROM Games;
Sat Jan 16 13:25:21 2021
>> SHOW DATABASES;
Sat Jan 16 13:25:21 2021
>> SELECT MAX(id) FROM Games;
Sat Jan 16 13:25:34 2021
>> SHOW DATABASES;
Sat Jan 16 13:25:34 2021
>> SELECT MAX(id) FROM Games;
Sat Jan 16 13:25:58 2021
>> SHOW DATABASES;
Sat Jan 16 13:25:58 2021
>> SELECT MAX(id) FROM Games;
Sat Jan 16 13:26:55 2021
>> SHOW DATABASES;
Sat Jan 16 13:26:55 2021
>> SELECT MAX(id) FROM Games;
Sat Jan 16 13:27:30 2021
>> SHOW DATABASES;
Sat Jan 16 13:27:30 2021
>> SELECT MAX(id) FROM Games;
Sat Jan 16 13:31:36 2021
>> SHOW DATABASES;
Sat Jan 16 13:31:36 2021
>> SELECT MAX(id) FROM Games;
Sat Jan 16 13:31:44 2021
>> SHOW DATABASES;
Sat Jan 16 13:31:44 2021
>> SELECT MAX(id) FROM Games;
Sat Jan 16 13:32:18 2021
>> SHOW DATABASES;
Sat Jan 16 13:33:57 2021
>> SHOW DATABASES;
Sat Jan 16 13:34:06 2021
>> SHOW DATABASES;
Sat Jan 16 13:37:08 2021
>> SHOW DATABASES;
Sat Jan 16 13:38:14 2021
>> SHOW DATABASES;
Sat Jan 16 13:38:56 2021
>> SHOW DATABASES;
Sat Jan 16 13:39:12 2021
>> SHOW DATABASES;
Sat Jan 16 13:39:18 2021
>> SHOW DATABASES;
Sat Jan 16 13:40:37 2021
>> SHOW DATABASES;
Sat Jan 16 13:41:12 2021
>> SHOW DATABASES;
Sat Jan 16 13:41:52 2021
>> SHOW DATABASES;
Sat Jan 16 13:42:01 2021
>> SHOW DATABASES;
Sat Jan 16 13:42:01 2021
>> INSERT INTO Games () VALUES ();
Sat Jan 16 13:42:02 2021
>> SELECT MAX(id) FROM Games;
Sat Jan 16 13:42:15 2021
>> SHOW DATABASES;
Sat Jan 16 13:42:15 2021
>> INSERT Games () VALUES ();
Sat Jan 16 13:42:15 2021
>> SELECT MAX(id) FROM Games;
Sat Jan 16 13:44:22 2021
>> SHOW DATABASES;
Sat Jan 16 13:44:22 2021
>> INSERT Games () VALUES ();
Sat Jan 16 13:44:22 2021
>> SELECT MAX(id) FROM Games;
Sat Jan 16 13:45:59 2021
>> SHOW DATABASES;
Sat Jan 16 13:45:59 2021
>> INSERT Games () VALUES ();
Sat Jan 16 13:45:59 2021
>> SELECT MAX(id) FROM Games;
Sat Jan 16 13:46:15 2021
>> SHOW DATABASES;
Sat Jan 16 13:46:15 2021
>> INSERT Games () VALUES ();
Sat Jan 16 13:46:15 2021
>> SELECT MAX(id) FROM Games;
Sat Jan 16 13:55:20 2021
>> SHOW DATABASES;
Sat Jan 16 13:55:20 2021
>> INSERT Games () VALUES ();
Sat Jan 16 13:55:20 2021
>> SELECT MAX(id) FROM Games;
Sat Jan 16 13:56:11 2021
>> SHOW DATABASES;
Sat Jan 16 13:56:11 2021
>> SHOW TABLES;
Sat Jan 16 13:56:11 2021
>> SHOW TABLES;
Sat Jan 16 13:56:11 2021
>> INSERT Games () VALUES ();
Sat Jan 16 13:56:11 2021
>> SELECT MAX(id) FROM Games;
Sat Jan 16 13:56:27 2021
>> SHOW DATABASES;
Sat Jan 16 13:56:27 2021
>> SHOW TABLES;
Sat Jan 16 13:56:27 2021
>> SHOW TABLES;
Sat Jan 16 13:56:27 2021
>> INSERT Games () VALUES ();
Sat Jan 16 13:56:27 2021
>> SELECT MAX(id) FROM Games;
Sat Jan 16 13:58:24 2021
>> SHOW DATABASES;
Sat Jan 16 13:58:51 2021
>> SHOW DATABASES;
Sat Jan 16 13:58:51 2021
>> SHOW DATABASES;
Sat Jan 16 13:58:51 2021
>> SHOW TABLES;
Sat Jan 16 13:58:51 2021
>> SHOW TABLES;
Sat Jan 16 13:58:51 2021
>> INSERT Games () VALUES ();
Sat Jan 16 13:58:51 2021
>> SELECT MAX(id) FROM Games;
Sat Jan 16 14:07:01 2021
>> SHOW DATABASES;
Sat Jan 16 14:07:01 2021
>> SHOW DATABASES;
Sat Jan 16 14:07:01 2021
>> SHOW TABLES;
Sat Jan 16 14:07:01 2021
>> SHOW TABLES;
Sat Jan 16 14:07:01 2021
>> INSERT Games () VALUES ();
Sat Jan 16 14:07:01 2021
>> SELECT MAX(id) FROM Games;
Sat Jan 16 14:07:10 2021
>> SHOW DATABASES;
Sat Jan 16 14:07:10 2021
>> SHOW DATABASES;
Sat Jan 16 14:07:10 2021
>> SHOW TABLES;
Sat Jan 16 14:07:10 2021
>> SHOW TABLES;
Sat Jan 16 14:07:10 2021
>> CREATE TABLE Moves(id INT AUTO_INCREMENT,game_id INT not null,primary key (id),foreign key (game_id) references Games(id)) engine=innodb;
Sat Jan 16 14:07:10 2021
>> DROP DATABASE Othello;
Sat Jan 16 14:07:31 2021
>> SHOW DATABASES;
Sat Jan 16 14:07:31 2021
>> CREATE DATABASE Othello;
Sat Jan 16 14:07:31 2021
>> SHOW DATABASES;
Sat Jan 16 14:07:31 2021
>> CREATE TABLE Games(id INT AUTO_INCREMENT,winner INT,primary key (id)) engine=innodb;
Sat Jan 16 14:07:31 2021
>> CREATE TABLE Moves(id INT AUTO_INCREMENT,game_id INT not null,primary key (id),foreign key (game_id) references Games(id)) engine=innodb;
Sat Jan 16 14:07:31 2021
>> SHOW TABLES;
Sat Jan 16 14:07:31 2021
>> SHOW TABLES;
Sat Jan 16 14:07:32 2021
>> DROP DATABASE Othello;
Sat Jan 16 14:08:58 2021
>> SHOW DATABASES;
Sat Jan 16 14:08:58 2021
>> CREATE DATABASE Othello;
Sat Jan 16 14:08:58 2021
>> SHOW DATABASES;
Sat Jan 16 14:08:58 2021
>> CREATE TABLE Games(id INT AUTO_INCREMENT,winner INT,primary key (id)) engine=innodb;
Sat Jan 16 14:08:58 2021
>> CREATE TABLE Moves(id INT AUTO_INCREMENT,game_id INT not null,primary key (id),foreign key (game_id) references Games(id)) engine=innodb;
Sat Jan 16 14:08:58 2021
>> SHOW TABLES;
Sat Jan 16 14:08:58 2021
>> SHOW TABLES;
Sat Jan 16 14:08:58 2021
>> DROP DATABASE Othello;
Sat Jan 16 14:10:05 2021
>> SHOW DATABASES;
Sat Jan 16 14:10:05 2021
>> CREATE DATABASE Othello;
Sat Jan 16 14:10:05 2021
>> SHOW DATABASES;
Sat Jan 16 14:10:05 2021
>> CREATE TABLE Games(id INT AUTO_INCREMENT,winner INT,primary key (id)) engine=innodb;
Sat Jan 16 14:10:05 2021
>> CREATE TABLE Moves(id INT AUTO_INCREMENT,game_id INT not null,primary key (id),foreign key (game_id) references Games(id)) engine=innodb;
Sat Jan 16 14:10:05 2021
>> SHOW TABLES;
Sat Jan 16 14:10:05 2021
>> SHOW TABLES;
Sat Jan 16 14:10:05 2021
>> DROP DATABASE Othello;
Sat Jan 16 14:12:58 2021
>> SHOW DATABASES;
Sat Jan 16 14:12:58 2021
>> CREATE DATABASE Othello;
Sat Jan 16 14:12:58 2021
>> SHOW DATABASES;
Sat Jan 16 14:12:58 2021
>> CREATE TABLE Games(id INT AUTO_INCREMENT,winner INT,primary key (id)) engine=innodb;
Sat Jan 16 14:12:58 2021
>> CREATE TABLE Moves(id INT AUTO_INCREMENT,game_id INT not null,primary key (id),foreign key (game_id) references Games(id)) engine=innodb;
Sat Jan 16 14:12:58 2021
>> SHOW TABLES;
Sat Jan 16 14:12:58 2021
>> SHOW TABLES;
Sat Jan 16 14:12:58 2021
>> DROP TABLE Moves;
Sat Jan 16 14:12:58 2021
>> DROP TABLE Games;
Sat Jan 16 14:12:58 2021
>> CREATE TABLE Games(id INT AUTO_INCREMENT,winner INT,primary key (id)) engine=innodb;
Sat Jan 16 14:12:58 2021
>> CREATE TABLE Moves(id INT AUTO_INCREMENT,game_id INT not null,primary key (id),foreign key (game_id) references Games(id)) engine=innodb;
Sat Jan 16 14:12:58 2021
>> INSERT Games () VALUES ();
Sat Jan 16 14:12:58 2021
>> SELECT MAX(id) FROM Games;
Sat Jan 16 14:13:02 2021
>> SHOW DATABASES;
Sat Jan 16 14:13:02 2021
>> SHOW DATABASES;
Sat Jan 16 14:13:02 2021
>> SHOW TABLES;
Sat Jan 16 14:13:02 2021
>> SHOW TABLES;
Sat Jan 16 14:13:02 2021
>> DROP TABLE Moves;
Sat Jan 16 14:13:02 2021
>> DROP TABLE Games;
Sat Jan 16 14:13:02 2021
>> CREATE TABLE Games(id INT AUTO_INCREMENT,winner INT,primary key (id)) engine=innodb;
Sat Jan 16 14:13:02 2021
>> CREATE TABLE Moves(id INT AUTO_INCREMENT,game_id INT not null,primary key (id),foreign key (game_id) references Games(id)) engine=innodb;
Sat Jan 16 14:13:02 2021
>> INSERT Games () VALUES ();
Sat Jan 16 14:13:02 2021
>> SELECT MAX(id) FROM Games;
Sat Jan 16 14:14:00 2021
>> SHOW DATABASES;
Sat Jan 16 14:14:00 2021
>> SHOW DATABASES;
Sat Jan 16 14:14:00 2021
>> SHOW TABLES;
Sat Jan 16 14:14:00 2021
>> SHOW TABLES;
Sat Jan 16 14:14:00 2021
>> DROP TABLE Moves;
Sat Jan 16 14:14:00 2021
>> DROP TABLE Games;
Sat Jan 16 14:14:00 2021
>> CREATE TABLE Games(id INT AUTO_INCREMENT,winner INT,primary key (id)) engine=innodb;
Sat Jan 16 14:14:00 2021
>> CREATE TABLE Moves(id INT AUTO_INCREMENT,game_id INT not null,primary key (id),foreign key (game_id) references Games(id)) engine=innodb;
Sat Jan 16 14:14:00 2021
>> INSERT Games () VALUES ();
Sat Jan 16 14:14:00 2021
>> SELECT MAX(id) FROM Games;
